<?xml version="1.0" encoding="UTF-8"?>
<!-- Generated by org.testng.reporters.JUnitReportReporter -->
<testsuite skipped="0" hostname="Harshil-PC" name="runner.RunCuke" tests="1" failures="0" timestamp="09 Feb 2018 22:17:52 GMT" time="0.264" errors="0">
  <testcase name="feature" time="0.264" classname="runner.RunCuke"/>
</testsuite> <!-- runner.RunCuke -->
